cl : 命令行 warning D9025: 正在重写“/sdl”(用“/GS-”)
  stdafx.cpp
cl : 命令行 warning D9025: 正在重写“/sdl”(用“/GS-”)
  UIObject.cpp
g:\create new\myk2\myk2\uiobject.cpp(17): warning C4996: 'strcpy': This function or variable may be unsafe. Consider using strcpy_s instead. To disable deprecation, use _CRT_SECURE_NO_WARNINGS. See online help for details.
  c:\program files (x86)\windows kits\10\include\10.0.10240.0\ucrt\string.h(119): note: 参见“strcpy”的声明
  myK2.cpp
  Introduce.cpp
  GameTexturePool.cpp
g:\create new\myk2\myk2\gametexturepool.cpp(36): warning C4018: “<”: 有符号/无符号不匹配
g:\create new\myk2\myk2\gametexturepool.cpp(47): warning C4018: “<”: 有符号/无符号不匹配
g:\create new\myk2\myk2\gametexturepool.cpp(58): warning C4018: “<”: 有符号/无符号不匹配
g:\create new\myk2\myk2\gametexturepool.cpp(69): warning C4018: “<”: 有符号/无符号不匹配
  GameTexture.cpp
  GameRelease.cpp
  GamePlayCellButton.cpp
g:\create new\myk2\myk2\gameplaycellbutton.cpp(27): warning C4996: 'strcpy': This function or variable may be unsafe. Consider using strcpy_s instead. To disable deprecation, use _CRT_SECURE_NO_WARNINGS. See online help for details.
  c:\program files (x86)\windows kits\10\include\10.0.10240.0\ucrt\string.h(119): note: 参见“strcpy”的声明
  GamePlay.cpp
g:\create new\myk2\myk2\gameplay.cpp(29): warning C4244: “参数”: 从“int”转换到“FLOAT”，可能丢失数据
g:\create new\myk2\myk2\gameplay.cpp(38): warning C4018: “<”: 有符号/无符号不匹配
g:\create new\myk2\myk2\gameplay.cpp(50): warning C4018: “<”: 有符号/无符号不匹配
g:\create new\myk2\myk2\gameplay.cpp(80): warning C4018: “<”: 有符号/无符号不匹配
g:\create new\myk2\myk2\gameplay.cpp(227): warning C4018: “<”: 有符号/无符号不匹配
  GameMenu.cpp
  GameManager.cpp
  GameButton.cpp
  GameAnimation.cpp
g:\create new\myk2\myk2\gameanimation.cpp(22): warning C4244: “=”: 从“int”转换到“float”，可能丢失数据
g:\create new\myk2\myk2\gameanimation.cpp(24): warning C4244: “=”: 从“int”转换到“float”，可能丢失数据
g:\create new\myk2\myk2\gameanimation.cpp(26): warning C4244: “=”: 从“int”转换到“float”，可能丢失数据
g:\create new\myk2\myk2\gameanimation.cpp(28): warning C4244: “=”: 从“int”转换到“float”，可能丢失数据
g:\create new\myk2\myk2\gameanimation.cpp(30): warning C4244: “=”: 从“int”转换到“float”，可能丢失数据
g:\create new\myk2\myk2\gameanimation.cpp(32): warning C4244: “=”: 从“int”转换到“float”，可能丢失数据
g:\create new\myk2\myk2\gameanimation.cpp(34): warning C4244: “=”: 从“int”转换到“float”，可能丢失数据
g:\create new\myk2\myk2\gameanimation.cpp(36): warning C4244: “=”: 从“int”转换到“float”，可能丢失数据
g:\create new\myk2\myk2\gameanimation.cpp(38): warning C4244: “=”: 从“double”转换到“float”，可能丢失数据
g:\create new\myk2\myk2\gameanimation.cpp(40): warning C4244: “=”: 从“int”转换到“float”，可能丢失数据
g:\create new\myk2\myk2\gameanimation.cpp(42): warning C4244: “=”: 从“int”转换到“float”，可能丢失数据
g:\create new\myk2\myk2\gameanimation.cpp(82): warning C4018: “<”: 有符号/无符号不匹配
g:\create new\myk2\myk2\gameanimation.cpp(99): warning C4018: “<”: 有符号/无符号不匹配
  DirectManager.cpp
  CellTexturePool.cpp
g:\create new\myk2\myk2\celltexturepool.cpp(39): warning C4018: “<”: 有符号/无符号不匹配
g:\create new\myk2\myk2\celltexturepool.cpp(51): warning C4018: “<”: 有符号/无符号不匹配
g:\create new\myk2\myk2\celltexturepool.cpp(62): warning C4018: “<”: 有符号/无符号不匹配
g:\create new\myk2\myk2\celltexturepool.cpp(73): warning C4018: “<”: 有符号/无符号不匹配
  CellTextureManager.cpp
  CellTexture.cpp
  tinyxmlparser.cpp
  tinyxmlerror.cpp
  tinyxml.cpp
  tinystr.cpp
  正在生成代码...
  myK2.vcxproj -> G:\create new\myK2\Debug\myK2.exe
  myK2.vcxproj -> G:\create new\myK2\Debug\myK2.pdb (Full PDB)
