f:\create new\myk2\myk2\debug\myk2.pch
f:\create new\myk2\myk2\debug\vc120.pdb
f:\create new\myk2\myk2\debug\vc120.idb
f:\create new\myk2\myk2\debug\stdafx.obj
f:\create new\myk2\myk2\debug\tinystr.obj
f:\create new\myk2\myk2\debug\tinyxml.obj
f:\create new\myk2\myk2\debug\tinyxmlerror.obj
f:\create new\myk2\myk2\debug\tinyxmlparser.obj
f:\create new\myk2\myk2\debug\celltexture.obj
f:\create new\myk2\myk2\debug\celltexturemanager.obj
f:\create new\myk2\myk2\debug\celltexturepool.obj
f:\create new\myk2\myk2\debug\directmanager.obj
f:\create new\myk2\myk2\debug\gameanimation.obj
f:\create new\myk2\myk2\debug\gamebutton.obj
f:\create new\myk2\myk2\debug\gamemanager.obj
f:\create new\myk2\myk2\debug\gamemenu.obj
f:\create new\myk2\myk2\debug\gameplay.obj
f:\create new\myk2\myk2\debug\gameplaycellbutton.obj
f:\create new\myk2\myk2\debug\gamerelease.obj
f:\create new\myk2\myk2\debug\gametexture.obj
f:\create new\myk2\myk2\debug\gametexturepool.obj
f:\create new\myk2\myk2\debug\introduce.obj
f:\create new\myk2\myk2\debug\myk2.obj
f:\create new\myk2\myk2\debug\uiobject.obj
g:\create new\myk2\myk2\debug\vc140.pdb
g:\create new\myk2\myk2\debug\vc140.idb
g:\create new\myk2\myk2\debug\myk2.pch
g:\create new\myk2\myk2\debug\stdafx.obj
g:\create new\myk2\myk2\debug\tinystr.obj
g:\create new\myk2\myk2\debug\tinyxml.obj
g:\create new\myk2\myk2\debug\tinyxmlerror.obj
g:\create new\myk2\myk2\debug\tinyxmlparser.obj
g:\create new\myk2\myk2\debug\celltexture.obj
g:\create new\myk2\myk2\debug\celltexturemanager.obj
g:\create new\myk2\myk2\debug\celltexturepool.obj
g:\create new\myk2\myk2\debug\directmanager.obj
g:\create new\myk2\myk2\debug\gameanimation.obj
g:\create new\myk2\myk2\debug\gamebutton.obj
g:\create new\myk2\myk2\debug\gamemanager.obj
g:\create new\myk2\myk2\debug\gamemenu.obj
g:\create new\myk2\myk2\debug\gameplay.obj
g:\create new\myk2\myk2\debug\gameplaycellbutton.obj
g:\create new\myk2\myk2\debug\gamerelease.obj
g:\create new\myk2\myk2\debug\gametexture.obj
g:\create new\myk2\myk2\debug\gametexturepool.obj
g:\create new\myk2\myk2\debug\introduce.obj
g:\create new\myk2\myk2\debug\myk2.obj
g:\create new\myk2\myk2\debug\uiobject.obj
f:\create new\myk2\debug\myk2.ilk
f:\create new\myk2\debug\myk2.exe
f:\create new\myk2\debug\myk2.pdb
g:\create new\myk2\debug\myk2.ilk
g:\create new\myk2\debug\myk2.exe
g:\create new\myk2\debug\myk2.pdb
f:\create new\myk2\myk2\debug\myk2.res
g:\create new\myk2\myk2\debug\myk2.res
g:\create new\myk2\myk2\debug\vc120.idb
g:\create new\myk2\myk2\debug\vc120.pdb
g:\create new\myk2\myk2\debug\myk2.tlog\cl.command.1.tlog
g:\create new\myk2\myk2\debug\myk2.tlog\cl.read.1.tlog
g:\create new\myk2\myk2\debug\myk2.tlog\cl.write.1.tlog
g:\create new\myk2\myk2\debug\myk2.tlog\link.command.1.tlog
g:\create new\myk2\myk2\debug\myk2.tlog\link.read.1.tlog
g:\create new\myk2\myk2\debug\myk2.tlog\link.write.1.tlog
g:\create new\myk2\myk2\debug\myk2.tlog\rc.command.1.tlog
g:\create new\myk2\myk2\debug\myk2.tlog\rc.read.1.tlog
g:\create new\myk2\myk2\debug\myk2.tlog\rc.write.1.tlog
